
/home/runner/work/exp-rectangular-orifice-iitb/exp-rectangular-orifice-iitb/experiment/simulation/common_libraries/js/ts_components/collapse_step.js
   1:10  warning  'show_step' is defined but never used                 no-unused-vars
   2:5   warning  '$' is not defined                                    no-undef
   3:9   warning  '$' is not defined                                    no-undef
   6:10  warning  'hide_step' is defined but never used                 no-unused-vars
   7:5   warning  '$' is not defined                                    no-undef
   8:9   warning  '$' is not defined                                    no-undef
  11:10  warning  'get_collapse_btn_text' is defined but never used     no-unused-vars
  20:10  warning  'get_collapse_btn_element' is defined but never used  no-unused-vars
  29:10  warning  'hide_all_steps' is defined but never used            no-unused-vars
  31:9   warning  '$' is not defined                                    no-undef

/home/runner/work/exp-rectangular-orifice-iitb/exp-rectangular-orifice-iitb/experiment/simulation/common_libraries/js/ts_components/matrix.js
   27:26  warning  'MathJax' is not defined                                no-undef
   32:7   warning  'Matrix_Without_String' is defined but never used       no-unused-vars
   52:26  warning  'MathJax' is not defined                                no-undef
   56:10  warning  'get_matrix_html' is defined but never used             no-unused-vars
   87:13  warning  'row_html' is assigned a value but never used           no-unused-vars
   99:10  warning  'get_matrix_html_with_title' is defined but never used  no-unused-vars
  131:13  warning  'row_html' is assigned a value but never used           no-unused-vars
  143:10  warning  'convert_2d_to_1d_vector' is defined but never used     no-unused-vars
  156:10  warning  'convert_1d_to_2d_matrix' is defined but never used     no-unused-vars

/home/runner/work/exp-rectangular-orifice-iitb/exp-rectangular-orifice-iitb/experiment/simulation/common_libraries/js/ts_components/pannel.js
  8:7  warning  'Pannel' is defined but never used  no-unused-vars

/home/runner/work/exp-rectangular-orifice-iitb/exp-rectangular-orifice-iitb/experiment/simulation/common_libraries/js/ts_components/questions.js
   6:17  warning  'op1' is assigned a value but never used      no-unused-vars
   7:17  warning  'op2' is assigned a value but never used      no-unused-vars
   8:17  warning  'op3' is assigned a value but never used      no-unused-vars
   9:17  warning  'op4' is assigned a value but never used      no-unused-vars
  94:7   warning  'Question_Options' is defined but never used  no-unused-vars

/home/runner/work/exp-rectangular-orifice-iitb/exp-rectangular-orifice-iitb/experiment/simulation/common_libraries/js/ts_components/tables.js
   19:22  warning  'verify_values' is not defined                                     no-undef
  137:22  warning  'verify_values' is not defined                                     no-undef
  260:7   warning  'Verify_Rows_Cols_6_decimal_places' is defined but never used      no-unused-vars
  311:22  warning  'verify_values' is not defined                                     no-undef
  416:7   warning  'Verify_Rows_Cols_Custom_Fixed_Update1' is defined but never used  no-unused-vars
  468:7   warning  'Show_Table_Custom_Fixed' is defined but never used                no-unused-vars
  506:7   warning  'Verify_Rows_Cols_Strings' is defined but never used               no-unused-vars
  527:22  warning  'verify_values' is not defined                                     no-undef
  663:7   warning  'Display_Table' is defined but never used                          no-unused-vars

/home/runner/work/exp-rectangular-orifice-iitb/exp-rectangular-orifice-iitb/experiment/simulation/common_libraries/js/ts_math_library/general_math_functions.js
    1:10  warning  'verify_values' is defined but never used                   no-unused-vars
   17:10  warning  'random1' is defined but never used                         no-unused-vars
   21:10  warning  'std_deviation' is defined but never used                   no-unused-vars
   26:10  warning  'gauss' is defined but never used                           no-unused-vars
   56:10  warning  'hide_panel' is defined but never used                      no-unused-vars
   63:10  warning  'inverse_matrix' is defined but never used                  no-unused-vars
   96:10  warning  'matrix_multiplication' is defined but never used           no-unused-vars
  113:10  warning  'transpose_matrix' is defined but never used                no-unused-vars
  123:10  warning  'matrix_multiplication_8decimal' is defined but never used  no-unused-vars
  140:10  warning  'adjoint_2x2_matrix' is defined but never used              no-unused-vars
  145:10  warning  'find_deteminant' is defined but never used                 no-unused-vars
  174:10  warning  'get_Submatrix' is defined but never used                   no-unused-vars

/home/runner/work/exp-rectangular-orifice-iitb/exp-rectangular-orifice-iitb/experiment/simulation/common_libraries/js/ts_math_library/regression.js
   1:10  warning  'regression_linear' is defined but never used            no-unused-vars
  18:10  warning  'regression_linear_1variable' is defined but never used  no-unused-vars
  27:10  warning  'regression_linear_2variable' is defined but never used  no-unused-vars
  52:11  warning  'gauss' is not defined                                   no-undef

/home/runner/work/exp-rectangular-orifice-iitb/exp-rectangular-orifice-iitb/experiment/simulation/common_libraries/math.ob.js
  1:745  warning  'b' is already defined  no-redeclare

/home/runner/work/exp-rectangular-orifice-iitb/exp-rectangular-orifice-iitb/experiment/simulation/js/activity1.js
  19:24   warning  'MathJax' is not defined                no-undef
  22:10   warning  'start_act1' is defined but never used  no-unused-vars
  27:20   warning  'get_collapse_btn_text' is not defined  no-undef
  32:65   warning  'b' is not defined                      no-undef
  32:81   warning  'd' is not defined                      no-undef
  32:148  warning  'H1' is not defined                     no-undef
  32:212  warning  'cd' is not defined                     no-undef
  53:5    warning  'hide_all_steps' is not defined         no-undef
  54:24   warning  'show_step' is not defined              no-undef
  55:24   warning  'MathJax' is not defined                no-undef
  59:5    warning  'Q' is not defined                      no-undef
  59:19   warning  'cd' is not defined                     no-undef
  59:24   warning  'b' is not defined                      no-undef
  59:42   warning  'g' is not defined                      no-undef
  59:58   warning  'H2' is not defined                     no-undef
  59:84   warning  'H1' is not defined                     no-undef
  60:5    warning  'Q_lit' is not defined                  no-undef
  60:13   warning  'Q' is not defined                      no-undef
  62:10   warning  'verify0' is defined but never used     no-unused-vars
  64:26   warning  'H2' is not defined                     no-undef
  65:25   warning  'Q' is not defined                      no-undef
  66:34   warning  'Q_lit' is not defined                  no-undef
  71:10   warning  'verify_values' is not defined          no-undef
  71:82   warning  'Q' is not defined                      no-undef
  75:10   warning  'verify_values' is not defined          no-undef
  75:82   warning  'Q_lit' is not defined                  no-undef
  81:25   warning  'Q' is not defined                      no-undef
  83:25   warning  'Q_lit' is not defined                  no-undef
  86:5    warning  'activity2' is not defined              no-undef

/home/runner/work/exp-rectangular-orifice-iitb/exp-rectangular-orifice-iitb/experiment/simulation/js/activity2.js
    1:10  warning  'activity2' is defined but never used                   no-unused-vars
   16:5   warning  'maindiv' is not defined                                no-undef
   17:24  warning  'MathJax' is not defined                                no-undef
   19:10  warning  'start_act2' is defined but never used                  no-unused-vars
   24:20  warning  'get_collapse_btn_text' is not defined                  no-undef
   29:73  warning  'act2_b' is not defined                                 no-undef
   29:94  warning  'act2_d' is not defined                                 no-undef
   38:5   warning  'maindiv' is not defined                                no-undef
   40:24  warning  'show_step' is not defined                              no-undef
   41:24  warning  'MathJax' is not defined                                no-undef
   48:9   warning  'act2_H1' is not defined                                no-undef
   50:9   warning  'act2_H2' is not defined                                no-undef
   50:19  warning  'act2_H1' is not defined                                no-undef
   50:29  warning  'act2_d' is not defined                                 no-undef
   51:9   warning  'act2_H' is not defined                                 no-undef
   51:29  warning  'act2_H2' is not defined                                no-undef
   51:60  warning  'act2_H1' is not defined                                no-undef
   53:9   warning  'act2_Q' is not defined                                 no-undef
   53:38  warning  'b' is not defined                                      no-undef
   53:56  warning  'g' is not defined                                      no-undef
   53:61  warning  'act2_H' is not defined                                 no-undef
   54:9   warning  'act2_H1_data' is not defined                           no-undef
   54:38  warning  'act2_H1' is not defined                                no-undef
   55:9   warning  'act2_H2_data' is not defined                           no-undef
   55:38  warning  'act2_H2' is not defined                                no-undef
   56:9   warning  'act2_H_data' is not defined                            no-undef
   56:37  warning  'act2_H' is not defined                                 no-undef
   57:9   warning  'act2_Q_data' is not defined                            no-undef
   57:37  warning  'act2_Q' is not defined                                 no-undef
   58:9   warning  'table_data' is not defined                             no-undef
   58:26  warning  'act2_H1_data' is not defined                           no-undef
   58:43  warning  'act2_Q_data' is not defined                            no-undef
   58:59  warning  'act2_H2_data' is not defined                           no-undef
   61:32  warning  'act2_H1_data' is not defined                           no-undef
   62:32  warning  'act2_H2_data' is not defined                           no-undef
   63:31  warning  'act2_H_data' is not defined                            no-undef
   69:19  warning  'Verify_Rows_Cols_Custom_Fixed_Update1' is not defined  no-undef
   69:65  warning  'table_data' is not defined                             no-undef
   76:20  warning  'get_collapse_btn_text' is not defined                  no-undef
   89:5   warning  'maindiv' is not defined                                no-undef
   91:24  warning  'show_step' is not defined                              no-undef
   92:24  warning  'MathJax' is not defined                                no-undef
   96:17  warning  'regression_linear_1variable' is not defined            no-undef
   96:45  warning  'act2_H_data' is not defined                            no-undef
   96:58  warning  'act2_Q_data' is not defined                            no-undef
   98:19  warning  'act2_H_data' is not defined                            no-undef
  100:9   warning  'Y' is not defined                                      no-undef
  102:26  warning  'Y' is not defined                                      no-undef
  117:21  warning  'Chart' is not defined                                  no-undef
  120:21  warning  'act2_H_data' is not defined                            no-undef
  124:27  warning  'act2_Q_data' is not defined                            no-undef
  136:27  warning  'Y' is not defined                                      no-undef

/home/runner/work/exp-rectangular-orifice-iitb/exp-rectangular-orifice-iitb/experiment/simulation/js/activity3.js
   1:10  warning  'start_act3' is defined but never used  no-unused-vars
   6:20  warning  'get_collapse_btn_text' is not defined  no-undef
  36:5   warning  'maindiv' is not defined                no-undef
  38:24  warning  'show_step' is not defined              no-undef
  39:24  warning  'MathJax' is not defined                no-undef
  40:5   warning  'plot' is not defined                   no-undef
  45:26  warning  'Y' is not defined                      no-undef
  46:31  warning  'act2_H_data' is not defined            no-undef
  47:35  warning  'Y' is not defined                      no-undef
  48:5   warning  'slope' is not defined                  no-undef
  48:14  warning  'Y' is not defined                      no-undef
  48:16  warning  'Y' is not defined                      no-undef
  48:32  warning  'Y' is not defined                      no-undef
  48:41  warning  'act2_H_data' is not defined            no-undef
  48:53  warning  'act2_H_data' is not defined            no-undef
  48:79  warning  'act2_H_data' is not defined            no-undef
  49:5   warning  'calculated_cd' is not defined          no-undef
  49:21  warning  'slope' is not defined                  no-undef
  49:45  warning  'b' is not defined                      no-undef
  49:63  warning  'g' is not defined                      no-undef
  51:10  warning  'verify5' is defined but never used     no-unused-vars
  53:29  warning  'slope' is not defined                  no-undef
  53:45  warning  'calculated_cd' is not defined          no-undef
  58:10  warning  'verify_values' is not defined          no-undef
  58:47  warning  'slope' is not defined                  no-undef
  62:10  warning  'verify_values' is not defined          no-undef
  62:48  warning  'calculated_cd' is not defined          no-undef
  69:23  warning  'slope' is not defined                  no-undef
  71:24  warning  'calculated_cd' is not defined          no-undef
  72:5   warning  'activity4' is not defined              no-undef

/home/runner/work/exp-rectangular-orifice-iitb/exp-rectangular-orifice-iitb/experiment/simulation/js/activity4.js
   1:10   warning  'activity4' is defined but never used   no-unused-vars
  16:5    warning  'maindiv' is not defined                no-undef
  17:24   warning  'MathJax' is not defined                no-undef
  19:10   warning  'start_act4' is defined but never used  no-unused-vars
  24:20   warning  'get_collapse_btn_text' is not defined  no-undef
  29:78   warning  'act3_b' is not defined                 no-undef
  29:156  warning  'act3_H' is not defined                 no-undef
  29:217  warning  'act3_H1' is not defined                no-undef
  29:246  warning  'act3_d' is not defined                 no-undef
  29:285  warning  'act3_cd' is not defined                no-undef
  46:5    warning  'maindiv' is not defined                no-undef
  48:24   warning  'show_step' is not defined              no-undef
  49:24   warning  'MathJax' is not defined                no-undef
  53:5    warning  'act3_Q' is not defined                 no-undef
  53:14   warning  'act3_cd' is not defined                no-undef
  53:24   warning  'act3_b' is not defined                 no-undef
  53:34   warning  'act3_H2' is not defined                no-undef
  53:44   warning  'act3_H1' is not defined                no-undef
  53:69   warning  'g' is not defined                      no-undef
  53:73   warning  'act3_H' is not defined                 no-undef
  54:5    warning  'act3_Q_lit' is not defined             no-undef
  54:18   warning  'act3_Q' is not defined                 no-undef
  56:10   warning  'verify7' is defined but never used     no-unused-vars
  58:27   warning  'act3_Q' is not defined                 no-undef
  59:36   warning  'act3_Q_lit' is not defined             no-undef
  64:10   warning  'verify_values' is not defined          no-undef
  64:82   warning  'act3_Q' is not defined                 no-undef
  68:10   warning  'verify_values' is not defined          no-undef
  68:82   warning  'act3_Q_lit' is not defined             no-undef
  74:25   warning  'act3_Q' is not defined                 no-undef
  76:25   warning  'act3_Q_lit' is not defined             no-undef
  79:5    warning  'activity5' is not defined              no-undef

/home/runner/work/exp-rectangular-orifice-iitb/exp-rectangular-orifice-iitb/experiment/simulation/js/activity5.js
   1:10   warning  'activity5' is defined but never used   no-unused-vars
  16:5    warning  'maindiv' is not defined                no-undef
  17:24   warning  'MathJax' is not defined                no-undef
  19:10   warning  'start_act5' is defined but never used  no-unused-vars
  24:20   warning  'get_collapse_btn_text' is not defined  no-undef
  29:41   warning  'act4_b' is not defined                 no-undef
  29:62   warning  'act4_d' is not defined                 no-undef
  29:126  warning  'H1' is not defined                     no-undef
  29:186  warning  'water_level_edge' is not defined       no-undef
  29:266  warning  'act4_cd' is not defined                no-undef
  45:5    warning  'maindiv' is not defined                no-undef
  47:24   warning  'show_step' is not defined              no-undef
  48:24   warning  'MathJax' is not defined                no-undef
  52:5    warning  'act4_Q' is not defined                 no-undef
  52:14   warning  'act4_cd' is not defined                no-undef
  52:24   warning  'act4_b' is not defined                 no-undef
  52:34   warning  'act4_H2' is not defined                no-undef
  52:44   warning  'act4_H1' is not defined                no-undef
  52:69   warning  'g' is not defined                      no-undef
  52:73   warning  'act4_H' is not defined                 no-undef
  53:5    warning  'act4_Q_lit' is not defined             no-undef
  53:18   warning  'act4_Q' is not defined                 no-undef
  55:10   warning  'verify8' is defined but never used     no-unused-vars
  57:27   warning  'act4_Q' is not defined                 no-undef
  58:36   warning  'act4_Q_lit' is not defined             no-undef
  63:10   warning  'verify_values' is not defined          no-undef
  63:82   warning  'act4_Q' is not defined                 no-undef
  67:10   warning  'verify_values' is not defined          no-undef
  67:82   warning  'act4_Q_lit' is not defined             no-undef
  73:25   warning  'act4_Q' is not defined                 no-undef
  75:25   warning  'act4_Q_lit' is not defined             no-undef

/home/runner/work/exp-rectangular-orifice-iitb/exp-rectangular-orifice-iitb/experiment/simulation/js/data.js
   2:5  warning  'g' is assigned a value but never used              no-unused-vars
   4:5  warning  'b' is assigned a value but never used              no-unused-vars
   7:5  warning  'H2' is assigned a value but never used             no-unused-vars
   8:5  warning  'cd' is assigned a value but never used             no-unused-vars
   9:5  warning  'Q' is assigned a value but never used              no-unused-vars
  10:5  warning  'Q_lit' is assigned a value but never used          no-unused-vars
  12:5  warning  'act2_b' is assigned a value but never used         no-unused-vars
  13:5  warning  'act2_d' is assigned a value but never used         no-unused-vars
  14:5  warning  'act2_H1' is defined but never used                 no-unused-vars
  15:5  warning  'act2_H1_data' is assigned a value but never used   no-unused-vars
  16:5  warning  'act2_H2' is defined but never used                 no-unused-vars
  17:5  warning  'act2_H2_data' is assigned a value but never used   no-unused-vars
  18:5  warning  'act2_Q' is assigned a value but never used         no-unused-vars
  19:5  warning  'act2_H' is defined but never used                  no-unused-vars
  20:5  warning  'act2_H_data' is assigned a value but never used    no-unused-vars
  21:5  warning  'act2_Q_data' is assigned a value but never used    no-unused-vars
  22:5  warning  'calculated_cd' is assigned a value but never used  no-unused-vars
  24:5  warning  'act3_b' is assigned a value but never used         no-unused-vars
  26:5  warning  'act3_H' is assigned a value but never used         no-unused-vars
  28:5  warning  'act3_H2' is assigned a value but never used        no-unused-vars
  29:5  warning  'act3_cd' is assigned a value but never used        no-unused-vars
  30:5  warning  'act3_Q' is assigned a value but never used         no-unused-vars
  31:5  warning  'act3_Q_lit' is assigned a value but never used     no-unused-vars
  33:5  warning  'act4_b' is assigned a value but never used         no-unused-vars
  37:5  warning  'act4_H' is assigned a value but never used         no-unused-vars
  38:5  warning  'act4_cd' is assigned a value but never used        no-unused-vars
  39:5  warning  'act4_H2' is assigned a value but never used        no-unused-vars
  40:5  warning  'act4_Q' is assigned a value but never used         no-unused-vars
  41:5  warning  'act4_Q_lit' is assigned a value but never used     no-unused-vars
  42:5  warning  'table_data' is assigned a value but never used     no-unused-vars
  44:5  warning  'Y' is assigned a value but never used              no-unused-vars
  45:5  warning  'X' is assigned a value but never used              no-unused-vars
  47:5  warning  'slope' is assigned a value but never used          no-unused-vars

✖ 258 problems (0 errors, 258 warnings)

